INFO:     Started server process [16160]
INFO:     Waiting for application startup.
INFO:     Application startup complete.
INFO:     Uvicorn running on http://127.0.0.1:8001 (Press CTRL+C to quit)
ERROR:    Exception in ASGI application
Traceback (most recent call last):
  File "C:\Users\gHOST\Downloads\New folder\backend_runtime\Lib\site-packages\uvicorn\protocols\http\httptools_impl.py", line 409, in run_asgi
    result = await app(  # type: ignore[func-returns-value]
             ^^^^^^^^^^^^^^^^^^^^^^^^^^^^^^^^^^^^^^^^^^^^^^
  File "C:\Users\gHOST\Downloads\New folder\backend_runtime\Lib\site-packages\uvicorn\middleware\proxy_headers.py", line 60, in __call__
    return await self.app(scope, receive, send)
           ^^^^^^^^^^^^^^^^^^^^^^^^^^^^^^^^^^^^
  File "C:\Users\gHOST\Downloads\New folder\backend_runtime\Lib\site-packages\fastapi\applications.py", line 1054, in __call__
    await super().__call__(scope, receive, send)
  File "C:\Users\gHOST\Downloads\New folder\backend_runtime\Lib\site-packages\starlette\applications.py", line 113, in __call__
    await self.middleware_stack(scope, receive, send)
  File "C:\Users\gHOST\Downloads\New folder\backend_runtime\Lib\site-packages\starlette\middleware\errors.py", line 186, in __call__
    raise exc
  File "C:\Users\gHOST\Downloads\New folder\backend_runtime\Lib\site-packages\starlette\middleware\errors.py", line 164, in __call__
    await self.app(scope, receive, _send)
  File "C:\Users\gHOST\Downloads\New folder\backend_runtime\Lib\site-packages\starlette\middleware\cors.py", line 85, in __call__
    await self.app(scope, receive, send)
  File "C:\Users\gHOST\Downloads\New folder\backend_runtime\Lib\site-packages\starlette\middleware\exceptions.py", line 63, in __call__
    await wrap_app_handling_exceptions(self.app, conn)(scope, receive, send)
  File "C:\Users\gHOST\Downloads\New folder\backend_runtime\Lib\site-packages\starlette\_exception_handler.py", line 53, in wrapped_app
    raise exc
  File "C:\Users\gHOST\Downloads\New folder\backend_runtime\Lib\site-packages\starlette\_exception_handler.py", line 42, in wrapped_app
    await app(scope, receive, sender)
  File "C:\Users\gHOST\Downloads\New folder\backend_runtime\Lib\site-packages\starlette\routing.py", line 716, in __call__
    await self.middleware_stack(scope, receive, send)
  File "C:\Users\gHOST\Downloads\New folder\backend_runtime\Lib\site-packages\starlette\routing.py", line 736, in app
    await route.handle(scope, receive, send)
  File "C:\Users\gHOST\Downloads\New folder\backend_runtime\Lib\site-packages\starlette\routing.py", line 290, in handle
    await self.app(scope, receive, send)
  File "C:\Users\gHOST\Downloads\New folder\backend_runtime\Lib\site-packages\starlette\routing.py", line 78, in app
    await wrap_app_handling_exceptions(app, request)(scope, receive, send)
  File "C:\Users\gHOST\Downloads\New folder\backend_runtime\Lib\site-packages\starlette\_exception_handler.py", line 53, in wrapped_app
    raise exc
  File "C:\Users\gHOST\Downloads\New folder\backend_runtime\Lib\site-packages\starlette\_exception_handler.py", line 42, in wrapped_app
    await app(scope, receive, sender)
  File "C:\Users\gHOST\Downloads\New folder\backend_runtime\Lib\site-packages\starlette\routing.py", line 75, in app
    response = await f(request)
               ^^^^^^^^^^^^^^^^
  File "C:\Users\gHOST\Downloads\New folder\backend_runtime\Lib\site-packages\fastapi\routing.py", line 302, in app
    raw_response = await run_endpoint_function(
                   ^^^^^^^^^^^^^^^^^^^^^^^^^^^^
  File "C:\Users\gHOST\Downloads\New folder\backend_runtime\Lib\site-packages\fastapi\routing.py", line 213, in run_endpoint_function
    return await dependant.call(**values)
           ^^^^^^^^^^^^^^^^^^^^^^^^^^^^^^
  File "C:\Users\gHOST\Downloads\New folder\backend\app\api\routes\jobs.py", line 43, in create_job
    payload = ChatRequest.model_validate_json(request_json)
              ^^^^^^^^^^^^^^^^^^^^^^^^^^^^^^^^^^^^^^^^^^^^^
  File "C:\Users\gHOST\Downloads\New folder\backend_runtime\Lib\site-packages\pydantic\main.py", line 746, in model_validate_json
    return cls.__pydantic_validator__.validate_json(
           ^^^^^^^^^^^^^^^^^^^^^^^^^^^^^^^^^^^^^^^^^
pydantic_core._pydantic_core.ValidationError: 1 validation error for ChatRequest
  Invalid JSON: key must be a string at line 1 column 2 [type=json_invalid, input_value='{prompt:Make the default... add metallic material}', input_type=str]
    For further information visit https://errors.pydantic.dev/2.11/v/json_invalid
ERROR:    Exception in ASGI application
Traceback (most recent call last):
  File "C:\Users\gHOST\Downloads\New folder\backend_runtime\Lib\site-packages\uvicorn\protocols\http\httptools_impl.py", line 409, in run_asgi
    result = await app(  # type: ignore[func-returns-value]
             ^^^^^^^^^^^^^^^^^^^^^^^^^^^^^^^^^^^^^^^^^^^^^^
  File "C:\Users\gHOST\Downloads\New folder\backend_runtime\Lib\site-packages\uvicorn\middleware\proxy_headers.py", line 60, in __call__
    return await self.app(scope, receive, send)
           ^^^^^^^^^^^^^^^^^^^^^^^^^^^^^^^^^^^^
  File "C:\Users\gHOST\Downloads\New folder\backend_runtime\Lib\site-packages\fastapi\applications.py", line 1054, in __call__
    await super().__call__(scope, receive, send)
  File "C:\Users\gHOST\Downloads\New folder\backend_runtime\Lib\site-packages\starlette\applications.py", line 113, in __call__
    await self.middleware_stack(scope, receive, send)
  File "C:\Users\gHOST\Downloads\New folder\backend_runtime\Lib\site-packages\starlette\middleware\errors.py", line 186, in __call__
    raise exc
  File "C:\Users\gHOST\Downloads\New folder\backend_runtime\Lib\site-packages\starlette\middleware\errors.py", line 164, in __call__
    await self.app(scope, receive, _send)
  File "C:\Users\gHOST\Downloads\New folder\backend_runtime\Lib\site-packages\starlette\middleware\cors.py", line 85, in __call__
    await self.app(scope, receive, send)
  File "C:\Users\gHOST\Downloads\New folder\backend_runtime\Lib\site-packages\starlette\middleware\exceptions.py", line 63, in __call__
    await wrap_app_handling_exceptions(self.app, conn)(scope, receive, send)
  File "C:\Users\gHOST\Downloads\New folder\backend_runtime\Lib\site-packages\starlette\_exception_handler.py", line 53, in wrapped_app
    raise exc
  File "C:\Users\gHOST\Downloads\New folder\backend_runtime\Lib\site-packages\starlette\_exception_handler.py", line 42, in wrapped_app
    await app(scope, receive, sender)
  File "C:\Users\gHOST\Downloads\New folder\backend_runtime\Lib\site-packages\starlette\routing.py", line 716, in __call__
    await self.middleware_stack(scope, receive, send)
  File "C:\Users\gHOST\Downloads\New folder\backend_runtime\Lib\site-packages\starlette\routing.py", line 736, in app
    await route.handle(scope, receive, send)
  File "C:\Users\gHOST\Downloads\New folder\backend_runtime\Lib\site-packages\starlette\routing.py", line 290, in handle
    await self.app(scope, receive, send)
  File "C:\Users\gHOST\Downloads\New folder\backend_runtime\Lib\site-packages\starlette\routing.py", line 78, in app
    await wrap_app_handling_exceptions(app, request)(scope, receive, send)
  File "C:\Users\gHOST\Downloads\New folder\backend_runtime\Lib\site-packages\starlette\_exception_handler.py", line 53, in wrapped_app
    raise exc
  File "C:\Users\gHOST\Downloads\New folder\backend_runtime\Lib\site-packages\starlette\_exception_handler.py", line 42, in wrapped_app
    await app(scope, receive, sender)
  File "C:\Users\gHOST\Downloads\New folder\backend_runtime\Lib\site-packages\starlette\routing.py", line 75, in app
    response = await f(request)
               ^^^^^^^^^^^^^^^^
  File "C:\Users\gHOST\Downloads\New folder\backend_runtime\Lib\site-packages\fastapi\routing.py", line 302, in app
    raw_response = await run_endpoint_function(
                   ^^^^^^^^^^^^^^^^^^^^^^^^^^^^
  File "C:\Users\gHOST\Downloads\New folder\backend_runtime\Lib\site-packages\fastapi\routing.py", line 213, in run_endpoint_function
    return await dependant.call(**values)
           ^^^^^^^^^^^^^^^^^^^^^^^^^^^^^^
  File "C:\Users\gHOST\Downloads\New folder\backend\app\api\routes\jobs.py", line 43, in create_job
    payload = ChatRequest.model_validate_json(request_json)
              ^^^^^^^^^^^^^^^^^^^^^^^^^^^^^^^^^^^^^^^^^^^^^
  File "C:\Users\gHOST\Downloads\New folder\backend_runtime\Lib\site-packages\pydantic\main.py", line 746, in model_validate_json
    return cls.__pydantic_validator__.validate_json(
           ^^^^^^^^^^^^^^^^^^^^^^^^^^^^^^^^^^^^^^^^^
pydantic_core._pydantic_core.ValidationError: 1 validation error for ChatRequest
  Invalid JSON: key must be a string at line 1 column 2 [type=json_invalid, input_value='{prompt:Make the default... add metallic material}', input_type=str]
    For further information visit https://errors.pydantic.dev/2.11/v/json_invalid
ERROR:    Exception in ASGI application
Traceback (most recent call last):
  File "C:\Users\gHOST\Downloads\New folder\backend_runtime\Lib\site-packages\uvicorn\protocols\http\httptools_impl.py", line 409, in run_asgi
    result = await app(  # type: ignore[func-returns-value]
             ^^^^^^^^^^^^^^^^^^^^^^^^^^^^^^^^^^^^^^^^^^^^^^
  File "C:\Users\gHOST\Downloads\New folder\backend_runtime\Lib\site-packages\uvicorn\middleware\proxy_headers.py", line 60, in __call__
    return await self.app(scope, receive, send)
           ^^^^^^^^^^^^^^^^^^^^^^^^^^^^^^^^^^^^
  File "C:\Users\gHOST\Downloads\New folder\backend_runtime\Lib\site-packages\fastapi\applications.py", line 1054, in __call__
    await super().__call__(scope, receive, send)
  File "C:\Users\gHOST\Downloads\New folder\backend_runtime\Lib\site-packages\starlette\applications.py", line 113, in __call__
    await self.middleware_stack(scope, receive, send)
  File "C:\Users\gHOST\Downloads\New folder\backend_runtime\Lib\site-packages\starlette\middleware\errors.py", line 186, in __call__
    raise exc
  File "C:\Users\gHOST\Downloads\New folder\backend_runtime\Lib\site-packages\starlette\middleware\errors.py", line 164, in __call__
    await self.app(scope, receive, _send)
  File "C:\Users\gHOST\Downloads\New folder\backend_runtime\Lib\site-packages\starlette\middleware\cors.py", line 85, in __call__
    await self.app(scope, receive, send)
  File "C:\Users\gHOST\Downloads\New folder\backend_runtime\Lib\site-packages\starlette\middleware\exceptions.py", line 63, in __call__
    await wrap_app_handling_exceptions(self.app, conn)(scope, receive, send)
  File "C:\Users\gHOST\Downloads\New folder\backend_runtime\Lib\site-packages\starlette\_exception_handler.py", line 53, in wrapped_app
    raise exc
  File "C:\Users\gHOST\Downloads\New folder\backend_runtime\Lib\site-packages\starlette\_exception_handler.py", line 42, in wrapped_app
    await app(scope, receive, sender)
  File "C:\Users\gHOST\Downloads\New folder\backend_runtime\Lib\site-packages\starlette\routing.py", line 716, in __call__
    await self.middleware_stack(scope, receive, send)
  File "C:\Users\gHOST\Downloads\New folder\backend_runtime\Lib\site-packages\starlette\routing.py", line 736, in app
    await route.handle(scope, receive, send)
  File "C:\Users\gHOST\Downloads\New folder\backend_runtime\Lib\site-packages\starlette\routing.py", line 290, in handle
    await self.app(scope, receive, send)
  File "C:\Users\gHOST\Downloads\New folder\backend_runtime\Lib\site-packages\starlette\routing.py", line 78, in app
    await wrap_app_handling_exceptions(app, request)(scope, receive, send)
  File "C:\Users\gHOST\Downloads\New folder\backend_runtime\Lib\site-packages\starlette\_exception_handler.py", line 53, in wrapped_app
    raise exc
  File "C:\Users\gHOST\Downloads\New folder\backend_runtime\Lib\site-packages\starlette\_exception_handler.py", line 42, in wrapped_app
    await app(scope, receive, sender)
  File "C:\Users\gHOST\Downloads\New folder\backend_runtime\Lib\site-packages\starlette\routing.py", line 75, in app
    response = await f(request)
               ^^^^^^^^^^^^^^^^
  File "C:\Users\gHOST\Downloads\New folder\backend_runtime\Lib\site-packages\fastapi\routing.py", line 302, in app
    raw_response = await run_endpoint_function(
                   ^^^^^^^^^^^^^^^^^^^^^^^^^^^^
  File "C:\Users\gHOST\Downloads\New folder\backend_runtime\Lib\site-packages\fastapi\routing.py", line 213, in run_endpoint_function
    return await dependant.call(**values)
           ^^^^^^^^^^^^^^^^^^^^^^^^^^^^^^
  File "C:\Users\gHOST\Downloads\New folder\backend\app\api\routes\jobs.py", line 43, in create_job
    payload = ChatRequest.model_validate_json(request_json)
              ^^^^^^^^^^^^^^^^^^^^^^^^^^^^^^^^^^^^^^^^^^^^^
  File "C:\Users\gHOST\Downloads\New folder\backend_runtime\Lib\site-packages\pydantic\main.py", line 746, in model_validate_json
    return cls.__pydantic_validator__.validate_json(
           ^^^^^^^^^^^^^^^^^^^^^^^^^^^^^^^^^^^^^^^^^
pydantic_core._pydantic_core.ValidationError: 1 validation error for ChatRequest
  Invalid JSON: invalid escape at line 1 column 11 [type=json_invalid, input_value='{" prompt\\:\\Make the d...dd metallic material\\}', input_type=str]
    For further information visit https://errors.pydantic.dev/2.11/v/json_invalid
ERROR:    Exception in ASGI application
Traceback (most recent call last):
  File "C:\Users\gHOST\Downloads\New folder\backend_runtime\Lib\site-packages\uvicorn\protocols\http\httptools_impl.py", line 409, in run_asgi
    result = await app(  # type: ignore[func-returns-value]
             ^^^^^^^^^^^^^^^^^^^^^^^^^^^^^^^^^^^^^^^^^^^^^^
  File "C:\Users\gHOST\Downloads\New folder\backend_runtime\Lib\site-packages\uvicorn\middleware\proxy_headers.py", line 60, in __call__
    return await self.app(scope, receive, send)
           ^^^^^^^^^^^^^^^^^^^^^^^^^^^^^^^^^^^^
  File "C:\Users\gHOST\Downloads\New folder\backend_runtime\Lib\site-packages\fastapi\applications.py", line 1054, in __call__
    await super().__call__(scope, receive, send)
  File "C:\Users\gHOST\Downloads\New folder\backend_runtime\Lib\site-packages\starlette\applications.py", line 113, in __call__
    await self.middleware_stack(scope, receive, send)
  File "C:\Users\gHOST\Downloads\New folder\backend_runtime\Lib\site-packages\starlette\middleware\errors.py", line 186, in __call__
    raise exc
  File "C:\Users\gHOST\Downloads\New folder\backend_runtime\Lib\site-packages\starlette\middleware\errors.py", line 164, in __call__
    await self.app(scope, receive, _send)
  File "C:\Users\gHOST\Downloads\New folder\backend_runtime\Lib\site-packages\starlette\middleware\cors.py", line 85, in __call__
    await self.app(scope, receive, send)
  File "C:\Users\gHOST\Downloads\New folder\backend_runtime\Lib\site-packages\starlette\middleware\exceptions.py", line 63, in __call__
    await wrap_app_handling_exceptions(self.app, conn)(scope, receive, send)
  File "C:\Users\gHOST\Downloads\New folder\backend_runtime\Lib\site-packages\starlette\_exception_handler.py", line 53, in wrapped_app
    raise exc
  File "C:\Users\gHOST\Downloads\New folder\backend_runtime\Lib\site-packages\starlette\_exception_handler.py", line 42, in wrapped_app
    await app(scope, receive, sender)
  File "C:\Users\gHOST\Downloads\New folder\backend_runtime\Lib\site-packages\starlette\routing.py", line 716, in __call__
    await self.middleware_stack(scope, receive, send)
  File "C:\Users\gHOST\Downloads\New folder\backend_runtime\Lib\site-packages\starlette\routing.py", line 736, in app
    await route.handle(scope, receive, send)
  File "C:\Users\gHOST\Downloads\New folder\backend_runtime\Lib\site-packages\starlette\routing.py", line 290, in handle
    await self.app(scope, receive, send)
  File "C:\Users\gHOST\Downloads\New folder\backend_runtime\Lib\site-packages\starlette\routing.py", line 78, in app
    await wrap_app_handling_exceptions(app, request)(scope, receive, send)
  File "C:\Users\gHOST\Downloads\New folder\backend_runtime\Lib\site-packages\starlette\_exception_handler.py", line 53, in wrapped_app
    raise exc
  File "C:\Users\gHOST\Downloads\New folder\backend_runtime\Lib\site-packages\starlette\_exception_handler.py", line 42, in wrapped_app
    await app(scope, receive, sender)
  File "C:\Users\gHOST\Downloads\New folder\backend_runtime\Lib\site-packages\starlette\routing.py", line 75, in app
    response = await f(request)
               ^^^^^^^^^^^^^^^^
  File "C:\Users\gHOST\Downloads\New folder\backend_runtime\Lib\site-packages\fastapi\routing.py", line 302, in app
    raw_response = await run_endpoint_function(
                   ^^^^^^^^^^^^^^^^^^^^^^^^^^^^
  File "C:\Users\gHOST\Downloads\New folder\backend_runtime\Lib\site-packages\fastapi\routing.py", line 213, in run_endpoint_function
    return await dependant.call(**values)
           ^^^^^^^^^^^^^^^^^^^^^^^^^^^^^^
  File "C:\Users\gHOST\Downloads\New folder\backend\app\api\routes\jobs.py", line 66, in get_job
    return JobStatusResponse(**record.__dict__)
                               ^^^^^^^^^^^^^^^
AttributeError: 'JobRecord' object has no attribute '__dict__'. Did you mean: '__dir__'?
2026-03-04 00:05:45,723 | INFO | httpx | HTTP Request: POST http://127.0.0.1:11434/api/chat "HTTP/1.1 200 OK"
